{"level":"info","message":"::1 - - [26/Jan/2022:09:34:37 +0000] \"GET / HTTP/1.1\" 304 - \"-\" \"Mozilla/5.0 (Windows NT 10.0; Win64; x64) AppleWebKit/537.36 (KHTML, like Gecko) Chrome/97.0.4692.99 Safari/537.36\"\n","timestamp":"2022-01-26T09:34:37.507Z"}
{"level":"info","message":"::1 - - [26/Jan/2022:09:44:13 +0000] \"GET / HTTP/1.1\" 304 - \"-\" \"Mozilla/5.0 (Windows NT 10.0; Win64; x64) AppleWebKit/537.36 (KHTML, like Gecko) Chrome/97.0.4692.99 Safari/537.36\"\n","timestamp":"2022-01-26T09:44:13.496Z"}
{"level":"info","message":"::1 - - [26/Jan/2022:09:49:53 +0000] \"GET /movies HTTP/1.1\" 200 115 \"-\" \"Mozilla/5.0 (Windows NT 10.0; Win64; x64) AppleWebKit/537.36 (KHTML, like Gecko) Chrome/97.0.4692.99 Safari/537.36\"\n","timestamp":"2022-01-26T09:49:53.335Z"}
{"level":"info","message":"::1 - - [26/Jan/2022:09:50:43 +0000] \"GET /movies HTTP/1.1\" 304 - \"-\" \"Mozilla/5.0 (Windows NT 10.0; Win64; x64) AppleWebKit/537.36 (KHTML, like Gecko) Chrome/97.0.4692.99 Safari/537.36\"\n","timestamp":"2022-01-26T09:50:43.906Z"}
{"level":"info","message":"::1 - - [26/Jan/2022:09:50:58 +0000] \"GET /movies HTTP/1.1\" 304 - \"-\" \"Mozilla/5.0 (Windows NT 10.0; Win64; x64) AppleWebKit/537.36 (KHTML, like Gecko) Chrome/97.0.4692.99 Safari/537.36\"\n","timestamp":"2022-01-26T09:50:58.933Z"}
{"level":"info","message":"::1 - - [26/Jan/2022:09:51:03 +0000] \"GET /movies HTTP/1.1\" 304 - \"-\" \"Mozilla/5.0 (Windows NT 10.0; Win64; x64) AppleWebKit/537.36 (KHTML, like Gecko) Chrome/97.0.4692.99 Safari/537.36\"\n","timestamp":"2022-01-26T09:51:03.951Z"}
{"level":"info","message":"::1 - - [26/Jan/2022:09:51:11 +0000] \"GET /movies/1 HTTP/1.1\" 200 30 \"-\" \"Mozilla/5.0 (Windows NT 10.0; Win64; x64) AppleWebKit/537.36 (KHTML, like Gecko) Chrome/97.0.4692.99 Safari/537.36\"\n","timestamp":"2022-01-26T09:51:11.608Z"}
{"level":"info","message":"::1 - - [26/Jan/2022:09:59:57 +0000] \"GET /movies HTTP/1.1\" 200 115 \"-\" \"PostmanRuntime/7.29.0\"\n","timestamp":"2022-01-26T09:59:57.186Z"}
{"level":"info","message":"::1 - - [26/Jan/2022:10:00:36 +0000] \"GET /movies/%22Soy%20Leyenda%22 HTTP/1.1\" 200 - \"-\" \"PostmanRuntime/7.29.0\"\n","timestamp":"2022-01-26T10:00:36.441Z"}
{"level":"info","message":"::1 - - [27/Jan/2022:09:26:35 +0000] \"POST /movies HTTP/1.1\" 200 28 \"-\" \"PostmanRuntime/7.29.0\"\n","timestamp":"2022-01-27T09:26:35.707Z"}
{"level":"info","message":"::1 - - [27/Jan/2022:09:27:59 +0000] \"GET /movies HTTP/1.1\" 200 144 \"-\" \"PostmanRuntime/7.29.0\"\n","timestamp":"2022-01-27T09:27:59.205Z"}
{"level":"info","message":"::1 - - [27/Jan/2022:09:37:50 +0000] \"PUT /movies HTTP/1.1\" 404 145 \"-\" \"PostmanRuntime/7.29.0\"\n","timestamp":"2022-01-27T09:37:50.052Z"}
{"level":"info","message":"::1 - - [27/Jan/2022:09:39:46 +0000] \"PUT /movies HTTP/1.1\" 404 145 \"-\" \"PostmanRuntime/7.29.0\"\n","timestamp":"2022-01-27T09:39:46.468Z"}
{"level":"info","message":"::1 - - [27/Jan/2022:09:40:48 +0000] \"PUT /movies/5 HTTP/1.1\" 500 1577 \"-\" \"PostmanRuntime/7.29.0\"\n","timestamp":"2022-01-27T09:40:48.010Z"}
{"level":"info","message":"::1 - - [27/Jan/2022:09:42:08 +0000] \"GET /movies HTTP/1.1\" 200 115 \"-\" \"PostmanRuntime/7.29.0\"\n","timestamp":"2022-01-27T09:42:08.188Z"}
{"level":"info","message":"::1 - - [27/Jan/2022:09:42:37 +0000] \"PUT /movies/4 HTTP/1.1\" 200 30 \"-\" \"PostmanRuntime/7.29.0\"\n","timestamp":"2022-01-27T09:42:37.706Z"}
{"level":"info","message":"::1 - - [27/Jan/2022:09:45:27 +0000] \"GET /movies/4 HTTP/1.1\" 200 30 \"-\" \"PostmanRuntime/7.29.0\"\n","timestamp":"2022-01-27T09:45:27.429Z"}
{"level":"info","message":"::1 - - [27/Jan/2022:09:45:33 +0000] \"GET /movies HTTP/1.1\" 200 119 \"-\" \"PostmanRuntime/7.29.0\"\n","timestamp":"2022-01-27T09:45:33.240Z"}
{"level":"info","message":"::1 - - [27/Jan/2022:09:46:45 +0000] \"GET /movies HTTP/1.1\" 200 115 \"-\" \"PostmanRuntime/7.29.0\"\n","timestamp":"2022-01-27T09:46:45.620Z"}
{"level":"info","message":"::1 - - [27/Jan/2022:09:47:09 +0000] \"POST /movies HTTP/1.1\" 200 28 \"-\" \"PostmanRuntime/7.29.0\"\n","timestamp":"2022-01-27T09:47:09.653Z"}
{"level":"info","message":"::1 - - [27/Jan/2022:09:47:13 +0000] \"GET /movies HTTP/1.1\" 200 144 \"-\" \"PostmanRuntime/7.29.0\"\n","timestamp":"2022-01-27T09:47:13.872Z"}
{"level":"info","message":"::1 - - [27/Jan/2022:09:47:28 +0000] \"DELETE /movies/5 HTTP/1.1\" 200 20 \"-\" \"PostmanRuntime/7.29.0\"\n","timestamp":"2022-01-27T09:47:28.735Z"}
{"level":"info","message":"::1 - - [27/Jan/2022:09:47:33 +0000] \"GET /movies/5 HTTP/1.1\" 200 - \"-\" \"PostmanRuntime/7.29.0\"\n","timestamp":"2022-01-27T09:47:33.611Z"}
{"level":"info","message":"::1 - - [27/Jan/2022:09:48:01 +0000] \"GET /movies HTTP/1.1\" 200 115 \"-\" \"PostmanRuntime/7.29.0\"\n","timestamp":"2022-01-27T09:48:01.302Z"}
{"level":"info","message":"::1 - - [27/Jan/2022:09:48:13 +0000] \"DELETE /movies/4 HTTP/1.1\" 200 20 \"-\" \"PostmanRuntime/7.29.0\"\n","timestamp":"2022-01-27T09:48:13.140Z"}
{"level":"info","message":"::1 - - [27/Jan/2022:09:48:19 +0000] \"GET /movies HTTP/1.1\" 200 88 \"-\" \"PostmanRuntime/7.29.0\"\n","timestamp":"2022-01-27T09:48:19.066Z"}
{"level":"info","message":"::1 - - [27/Jan/2022:09:48:44 +0000] \"GET /movies HTTP/1.1\" 200 115 \"-\" \"PostmanRuntime/7.29.0\"\n","timestamp":"2022-01-27T09:48:44.762Z"}
{"level":"info","message":"::1 - - [01/Feb/2022:09:39:12 +0000] \"GET / HTTP/1.1\" 200 21 \"-\" \"Mozilla/5.0 (Windows NT 10.0; Win64; x64) AppleWebKit/537.36 (KHTML, like Gecko) Chrome/97.0.4692.99 Safari/537.36\"\n","timestamp":"2022-02-01T09:39:12.042Z"}
{"level":"info","message":"::1 - - [01/Feb/2022:09:39:14 +0000] \"GET /favicon.ico HTTP/1.1\" 404 150 \"http://localhost:3000/\" \"Mozilla/5.0 (Windows NT 10.0; Win64; x64) AppleWebKit/537.36 (KHTML, like Gecko) Chrome/97.0.4692.99 Safari/537.36\"\n","timestamp":"2022-02-01T09:39:14.425Z"}
{"level":"info","message":"::1 - - [01/Feb/2022:09:50:16 +0000] \"GET /movie HTTP/1.1\" 404 144 \"-\" \"Mozilla/5.0 (Windows NT 10.0; Win64; x64) AppleWebKit/537.36 (KHTML, like Gecko) Chrome/97.0.4692.99 Safari/537.36\"\n","timestamp":"2022-02-01T09:50:16.379Z"}
{"level":"info","message":"::1 - - [01/Feb/2022:09:50:49 +0000] \"GET /movies HTTP/1.1\" 200 307 \"-\" \"Mozilla/5.0 (Windows NT 10.0; Win64; x64) AppleWebKit/537.36 (KHTML, like Gecko) Chrome/97.0.4692.99 Safari/537.36\"\n","timestamp":"2022-02-01T09:50:49.824Z"}
{"level":"info","message":"::1 - - [01/Feb/2022:09:52:11 +0000] \"GET /movies HTTP/1.1\" 200 307 \"-\" \"PostmanRuntime/7.29.0\"\n","timestamp":"2022-02-01T09:52:11.545Z"}
{"level":"info","message":"::1 - - [01/Feb/2022:09:59:32 +0000] \"GET /movies/4 HTTP/1.1\" 200 28 \"-\" \"PostmanRuntime/7.29.0\"\n","timestamp":"2022-02-01T09:59:32.082Z"}
{"level":"info","message":"::1 - - [01/Feb/2022:09:59:36 +0000] \"GET /movies/6 HTTP/1.1\" 200 30 \"-\" \"PostmanRuntime/7.29.0\"\n","timestamp":"2022-02-01T09:59:36.428Z"}
{"level":"info","message":"::1 - - [01/Feb/2022:09:59:39 +0000] \"GET /movies/9 HTTP/1.1\" 200 27 \"-\" \"PostmanRuntime/7.29.0\"\n","timestamp":"2022-02-01T09:59:39.918Z"}
